# JRE version: OpenJDK Runtime Environment (21.0.9+10) (build 21.0.9+10-Ubuntu-124.04)
# Java VM: OpenJDK 64-Bit Server VM (21.0.9+10-Ubuntu-124.04, mixed mode, sharing, tiered, compressed oops, compressed class ptrs, g1 gc, linux-amd64)
GC Precious Log:
 CardTable entry size: 512
 Card Set container configuration: InlinePtr #cards 5 size 8 Array Of Cards #cards 12 size 40 Howl #buckets 4 coarsen threshold 1843 Howl Bitmap #cards 512 size 80 coarsen threshold 460 Card regions per heap region 1 cards per card region 2048
 CPUs: 4 total, 4 available
 Memory: 7383M
 Large Page Support: Disabled
 NUMA Support: Disabled
 Compressed Oops: Enabled (32-bit)
 Heap Region Size: 1M
 Heap Min Capacity: 8M
 Heap Initial Capacity: 116M
 Heap Max Capacity: 1846M
 Pre-touch: Disabled
 Parallel Workers: 4
 Concurrent Workers: 1
 Concurrent Refinement Workers: 4
 Periodic GC: Disabled
Heap:
 garbage-first heap   total 61440K, used 28149K [0x000000008ca00000, 0x0000000100000000)
  region size 1024K, 8 young (8192K), 1 survivors (1024K)
 Metaspace       used 40215K, committed 40768K, reserved 1114112K
  class space    used 5030K, committed 5312K, reserved 1048576K
GC Heap History (16 events):
Event: 0.987 GC heap before
{Heap before GC invocations=0 (full 0):
 garbage-first heap   total 120832K, used 16434K [0x000000008ca00000, 0x0000000100000000)
  region size 1024K, 13 young (13312K), 0 survivors (0K)
 Metaspace       used 3191K, committed 3328K, reserved 1114112K
  class space    used 326K, committed 384K, reserved 1048576K
}
Event: 0.994 GC heap after
{Heap after GC invocations=1 (full 0):
 garbage-first heap   total 120832K, used 7967K [0x000000008ca00000, 0x0000000100000000)
  region size 1024K, 2 young (2048K), 2 survivors (2048K)
 Metaspace       used 3191K, committed 3328K, reserved 1114112K
  class space    used 326K, committed 384K, reserved 1048576K
}
Event: 1.582 GC heap before
{Heap before GC invocations=1 (full 0):
 garbage-first heap   total 120832K, used 21279K [0x000000008ca00000, 0x0000000100000000)
  region size 1024K, 15 young (15360K), 2 survivors (2048K)
 Metaspace       used 7604K, committed 7872K, reserved 1114112K
  class space    used 926K, committed 1024K, reserved 1048576K
}
Event: 1.587 GC heap after
{Heap after GC invocations=2 (full 0):
 garbage-first heap   total 120832K, used 9059K [0x000000008ca00000, 0x0000000100000000)
  region size 1024K, 2 young (2048K), 2 survivors (2048K)
 Metaspace       used 7604K, committed 7872K, reserved 1114112K
  class space    used 926K, committed 1024K, reserved 1048576K
}
Event: 2.940 GC heap before
{Heap before GC invocations=2 (full 0):
 garbage-first heap   total 120832K, used 50019K [0x000000008ca00000, 0x0000000100000000)
  region size 1024K, 41 young (41984K), 2 survivors (2048K)
 Metaspace       used 18743K, committed 19008K, reserved 1114112K
  class space    used 2252K, committed 2368K, reserved 1048576K
}
Event: 2.974 GC heap after
{Heap after GC invocations=3 (full 0):
 garbage-first heap   total 120832K, used 12032K [0x000000008ca00000, 0x0000000100000000)
  region size 1024K, 5 young (5120K), 5 survivors (5120K)
 Metaspace       used 18743K, committed 19008K, reserved 1114112K
  class space    used 2252K, committed 2368K, reserved 1048576K
}
Event: 3.498 GC heap before
{Heap before GC invocations=3 (full 0):
 garbage-first heap   total 120832K, used 25344K [0x000000008ca00000, 0x0000000100000000)
  region size 1024K, 20 young (20480K), 5 survivors (5120K)
 Metaspace       used 21169K, committed 21504K, reserved 1114112K
  class space    used 2534K, committed 2688K, reserved 1048576K
}
Event: 3.520 GC heap after
{Heap after GC invocations=4 (full 0):
 garbage-first heap   total 120832K, used 13596K [0x000000008ca00000, 0x0000000100000000)
  region size 1024K, 6 young (6144K), 6 survivors (6144K)
 Metaspace       used 21169K, committed 21504K, reserved 1114112K
  class space    used 2534K, committed 2688K, reserved 1048576K
}
Event: 4.104 GC heap before
{Heap before GC invocations=5 (full 0):
 garbage-first heap   total 51200K, used 38172K [0x000000008ca00000, 0x0000000100000000)
  region size 1024K, 30 young (30720K), 6 survivors (6144K)
 Metaspace       used 24743K, committed 25088K, reserved 1114112K
  class space    used 2993K, committed 3136K, reserved 1048576K
}
Event: 4.117 GC heap after
{Heap after GC invocations=6 (full 0):
 garbage-first heap   total 51200K, used 15162K [0x000000008ca00000, 0x0000000100000000)
  region size 1024K, 4 young (4096K), 4 survivors (4096K)
 Metaspace       used 24743K, committed 25088K, reserved 1114112K
  class space    used 2993K, committed 3136K, reserved 1048576K
}
Event: 4.693 GC heap before
{Heap before GC invocations=6 (full 0):
 garbage-first heap   total 51200K, used 38714K [0x000000008ca00000, 0x0000000100000000)
  region size 1024K, 27 young (27648K), 4 survivors (4096K)
 Metaspace       used 29354K, committed 29760K, reserved 1114112K
  class space    used 3601K, committed 3776K, reserved 1048576K
}
Event: 4.707 GC heap after
{Heap after GC invocations=7 (full 0):
 garbage-first heap   total 51200K, used 17594K [0x000000008ca00000, 0x0000000100000000)
  region size 1024K, 4 young (4096K), 4 survivors (4096K)
 Metaspace       used 29354K, committed 29760K, reserved 1114112K
  class space    used 3601K, committed 3776K, reserved 1048576K
}
Event: 5.370 GC heap before
{Heap before GC invocations=7 (full 0):
 garbage-first heap   total 51200K, used 40122K [0x000000008ca00000, 0x0000000100000000)
  region size 1024K, 27 young (27648K), 4 survivors (4096K)
 Metaspace       used 34747K, committed 35200K, reserved 1114112K
  class space    used 4322K, committed 4480K, reserved 1048576K
}
Event: 5.379 GC heap after
{Heap after GC invocations=8 (full 0):
 garbage-first heap   total 51200K, used 21098K [0x000000008ca00000, 0x0000000100000000)
  region size 1024K, 3 young (3072K), 3 survivors (3072K)
 Metaspace       used 34747K, committed 35200K, reserved 1114112K
  class space    used 4322K, committed 4480K, reserved 1048576K
}
Event: 5.559 GC heap before
{Heap before GC invocations=8 (full 0):
 garbage-first heap   total 51200K, used 26218K [0x000000008ca00000, 0x0000000100000000)
  region size 1024K, 9 young (9216K), 3 survivors (3072K)
 Metaspace       used 35685K, committed 36096K, reserved 1114112K
  class space    used 4467K, committed 4672K, reserved 1048576K
}
Event: 5.571 GC heap after
{Heap after GC invocations=9 (full 0):
 garbage-first heap   total 61440K, used 22005K [0x000000008ca00000, 0x0000000100000000)
  region size 1024K, 1 young (1024K), 1 survivors (1024K)
 Metaspace       used 35685K, committed 36096K, reserved 1114112K
  class space    used 4467K, committed 4672K, reserved 1048576K
}

